2022-07-21 12:12:29.750  INFO 23312 --- [restartedMain] com.vnpt.intership.news.NewsApplication  : Starting NewsApplication using Java 18.0.1.1 on DESKTOP-AV085N3 with PID 23312 (C:\Users\speed\OneDrive\Documents\GitHub\sssssss\target\classes started by speed in C:\Users\speed\OneDrive\Documents\GitHub\sssssss)
2022-07-21 12:12:29.751  INFO 23312 --- [restartedMain] com.vnpt.intership.news.NewsApplication  : The following 1 profile is active: "dev"
2022-07-21 12:12:29.783  INFO 23312 --- [restartedMain] .e.DevToolsPropertyDefaultsPostProcessor : Devtools property defaults active! Set 'spring.devtools.add-properties' to 'false' to disable
2022-07-21 12:12:29.783  INFO 23312 --- [restartedMain] .e.DevToolsPropertyDefaultsPostProcessor : For additional web related logging consider setting the 'logging.level.web' property to 'DEBUG'
2022-07-21 12:12:30.544  INFO 23312 --- [restartedMain] .s.d.r.c.RepositoryConfigurationDelegate : Multiple Spring Data modules found, entering strict repository configuration mode
2022-07-21 12:12:30.544  INFO 23312 --- [restartedMain] .s.d.r.c.RepositoryConfigurationDelegate : Bootstrapping Spring Data MongoDB repositories in DEFAULT mode.
2022-07-21 12:12:30.593  INFO 23312 --- [restartedMain] .s.d.r.c.RepositoryConfigurationDelegate : Finished Spring Data repository scanning in 46 ms. Found 4 MongoDB repository interfaces.
2022-07-21 12:12:30.601  INFO 23312 --- [restartedMain] .s.d.r.c.RepositoryConfigurationDelegate : Multiple Spring Data modules found, entering strict repository configuration mode
2022-07-21 12:12:30.602  INFO 23312 --- [restartedMain] .s.d.r.c.RepositoryConfigurationDelegate : Bootstrapping Spring Data Redis repositories in DEFAULT mode.
2022-07-21 12:12:30.614  INFO 23312 --- [restartedMain] .RepositoryConfigurationExtensionSupport : Spring Data Redis - Could not safely identify store assignment for repository candidate interface com.vnpt.intership.news.api.v1.repository.ArticleRepository; If you want this repository to be a Redis repository, consider annotating your entities with one of these annotations: org.springframework.data.redis.core.RedisHash (preferred), or consider extending one of the following types with your repository: org.springframework.data.keyvalue.repository.KeyValueRepository
2022-07-21 12:12:30.614  INFO 23312 --- [restartedMain] .RepositoryConfigurationExtensionSupport : Spring Data Redis - Could not safely identify store assignment for repository candidate interface com.vnpt.intership.news.api.v1.repository.CategoriesRepository; If you want this repository to be a Redis repository, consider annotating your entities with one of these annotations: org.springframework.data.redis.core.RedisHash (preferred), or consider extending one of the following types with your repository: org.springframework.data.keyvalue.repository.KeyValueRepository
2022-07-21 12:12:30.615  INFO 23312 --- [restartedMain] .RepositoryConfigurationExtensionSupport : Spring Data Redis - Could not safely identify store assignment for repository candidate interface com.vnpt.intership.news.api.v1.repository.RoleRepository; If you want this repository to be a Redis repository, consider annotating your entities with one of these annotations: org.springframework.data.redis.core.RedisHash (preferred), or consider extending one of the following types with your repository: org.springframework.data.keyvalue.repository.KeyValueRepository
2022-07-21 12:12:30.615  INFO 23312 --- [restartedMain] .RepositoryConfigurationExtensionSupport : Spring Data Redis - Could not safely identify store assignment for repository candidate interface com.vnpt.intership.news.api.v1.repository.UserRepository; If you want this repository to be a Redis repository, consider annotating your entities with one of these annotations: org.springframework.data.redis.core.RedisHash (preferred), or consider extending one of the following types with your repository: org.springframework.data.keyvalue.repository.KeyValueRepository
2022-07-21 12:12:30.615  INFO 23312 --- [restartedMain] .s.d.r.c.RepositoryConfigurationDelegate : Finished Spring Data repository scanning in 7 ms. Found 0 Redis repository interfaces.
2022-07-21 12:12:31.154  INFO 23312 --- [restartedMain] o.s.b.w.embedded.tomcat.TomcatWebServer  : Tomcat initialized with port(s): 8080 (http)
2022-07-21 12:12:31.161  INFO 23312 --- [restartedMain] o.apache.catalina.core.StandardService   : Starting service [Tomcat]
2022-07-21 12:12:31.162  INFO 23312 --- [restartedMain] org.apache.catalina.core.StandardEngine  : Starting Servlet engine: [Apache Tomcat/9.0.64]
2022-07-21 12:12:31.226  INFO 23312 --- [restartedMain] o.a.c.c.C.[Tomcat].[localhost].[/]       : Initializing Spring embedded WebApplicationContext
2022-07-21 12:12:31.226  INFO 23312 --- [restartedMain] w.s.c.ServletWebServerApplicationContext : Root WebApplicationContext: initialization completed in 1442 ms
2022-07-21 12:12:31.831  WARN 23312 --- [restartedMain] o.s.s.c.a.web.builders.WebSecurity       : You are asking Spring Security to ignore Ant [pattern='/api-docs/**']. This is not recommended -- please use permitAll via HttpSecurity#authorizeHttpRequests instead.
2022-07-21 12:12:31.832  INFO 23312 --- [restartedMain] o.s.s.web.DefaultSecurityFilterChain     : Will not secure Ant [pattern='/api-docs/**']
2022-07-21 12:12:31.832  WARN 23312 --- [restartedMain] o.s.s.c.a.web.builders.WebSecurity       : You are asking Spring Security to ignore Ant [pattern='/swagger-ui-custom.html']. This is not recommended -- please use permitAll via HttpSecurity#authorizeHttpRequests instead.
2022-07-21 12:12:31.832  INFO 23312 --- [restartedMain] o.s.s.web.DefaultSecurityFilterChain     : Will not secure Ant [pattern='/swagger-ui-custom.html']
2022-07-21 12:12:31.832  WARN 23312 --- [restartedMain] o.s.s.c.a.web.builders.WebSecurity       : You are asking Spring Security to ignore Ant [pattern='/swagger-ui/**']. This is not recommended -- please use permitAll via HttpSecurity#authorizeHttpRequests instead.
2022-07-21 12:12:31.832  INFO 23312 --- [restartedMain] o.s.s.web.DefaultSecurityFilterChain     : Will not secure Ant [pattern='/swagger-ui/**']
2022-07-21 12:12:31.867  INFO 23312 --- [restartedMain] o.s.s.web.DefaultSecurityFilterChain     : Will secure any request with [org.springframework.security.web.session.DisableEncodeUrlFilter@37408f05, org.springframework.security.web.context.request.async.WebAsyncManagerIntegrationFilter@484c3e4e, org.springframework.security.web.context.SecurityContextPersistenceFilter@583b596c, org.springframework.security.web.header.HeaderWriterFilter@9d49531, org.springframework.web.filter.CorsFilter@15445f60, org.springframework.security.web.authentication.logout.LogoutFilter@3132af8d, org.springframework.security.web.savedrequest.RequestCacheAwareFilter@681f62dc, org.springframework.security.web.servletapi.SecurityContextHolderAwareRequestFilter@35041b45, org.springframework.security.web.authentication.AnonymousAuthenticationFilter@1a812fa8, org.springframework.security.web.session.SessionManagementFilter@6b119f63, org.springframework.security.web.access.ExceptionTranslationFilter@447189a4, org.springframework.security.web.access.intercept.AuthorizationFilter@3d0a79a6]
2022-07-21 12:12:32.236  INFO 23312 --- [restartedMain] o.s.b.d.a.OptionalLiveReloadServer       : LiveReload server is running on port 35729
2022-07-21 12:12:33.930  INFO 23312 --- [restartedMain] o.s.b.a.e.web.EndpointLinksResolver      : Exposing 1 endpoint(s) beneath base path '/actuator'
2022-07-21 12:12:34.001  INFO 23312 --- [restartedMain] o.s.b.w.embedded.tomcat.TomcatWebServer  : Tomcat started on port(s): 8080 (http) with context path ''
2022-07-21 12:12:34.006  INFO 23312 --- [restartedMain] com.vnpt.intership.news.NewsApplication  : Started NewsApplication in 4.608 seconds (JVM running for 6.671)
2022-07-21 12:12:34.013 DEBUG 23312 --- [restartedMain] o.s.data.mongodb.core.MongoTemplate      : find using query: {} fields: Document{{}} for class: class com.vnpt.intership.news.api.v1.domain.entity.RoleEntity in collection: Role
2022-07-21 12:12:34.460  INFO 23312 --- [RMI TCP Connection(2)-10.253.186.244] o.a.c.c.C.[Tomcat].[localhost].[/]       : Initializing Spring DispatcherServlet 'dispatcherServlet'
2022-07-21 12:12:34.460  INFO 23312 --- [RMI TCP Connection(2)-10.253.186.244] o.s.web.servlet.DispatcherServlet        : Initializing Servlet 'dispatcherServlet'
2022-07-21 12:12:34.461  INFO 23312 --- [RMI TCP Connection(2)-10.253.186.244] o.s.web.servlet.DispatcherServlet        : Completed initialization in 1 ms
